<html>
<body>
<pre>
<h1>Vision Build Log</h1>
<h2>Project:</h2>
G:\05陈建峰\给学生的模板\Project\RVMDK（uv4）\iSO-STM32.uvproj
Project File Date:  12/04/2016

<h2>Output:</h2>
Build target 'Template'
assembling startup_stm32f10x_hd.s...
compiling core_cm3.c...
compiling system_stm32f10x.c...
compiling stm32f10x_gpio.c...
compiling stm32f10x_rcc.c...
compiling misc.c...
compiling stm32f10x_exti.c...
compiling stm32f10x_fsmc.c...
compiling stm32f10x_spi.c...
compiling stm32f10x_bkp.c...
compiling stm32f10x_pwr.c...
compiling stm32f10x_rtc.c...
compiling stm32f10x_tim.c...
compiling main.c...
..\..\User\main.c(606): error:  #20: identifier "UI0BackColor" is undefined
compiling bsp_ili9341_lcd.c...
compiling bsp_lcd.c...
compiling bsp_xpt2046_lcd.c...
compiling fatfs_flash_spi.c...
compiling stm32f10x_it.c...
Target not created
Build target 'Template'
compiling main.c...
..\..\User\main.c(606): error:  #20: identifier "macBlack" is undefined
compiling stm32f10x_it.c...
Target not created
Build target 'Template'
compiling main.c...
..\..\User\main.c(606): error:  #20: identifier "macBlack" is undefined
compiling stm32f10x_it.c...
Target not created
Build target 'Template'
compiling main.c...
compiling stm32f10x_it.c...
linking...
Program Size: Code=13540 RO-data=21900 RW-data=112 ZI-data=1040  
FromELF: creating hex file...
"..\..\Output\Template.axf" - 0 Error(s), 0 Warning(s).
Build target 'Template'
compiling main.c...
linking...
Program Size: Code=14336 RO-data=21900 RW-data=112 ZI-data=1040  
FromELF: creating hex file...
"..\..\Output\Template.axf" - 0 Error(s), 0 Warning(s).
Build target 'Template'
compiling main.c...
..\..\User\main.c(606): error:  #20: identifier "Pi" is undefined
..\..\User\main.c(619): error:  #20: identifier "Radius" is undefined
compiling stm32f10x_it.c...
Target not created
compiling main.c...
..\..\User\main.c(606): error:  #20: identifier "Pi" is undefined
..\..\User\main.c(619): error:  #20: identifier "Radius" is undefined
..\..\User\main.c - 2 Error(s), 0 Warning(s).
Build target 'Template'
compiling main.c...
..\..\User\main.c(619): error:  #20: identifier "Radius" is undefined
Target not created
Build target 'Template'
compiling main.c...
linking...
Program Size: Code=17020 RO-data=22188 RW-data=116 ZI-data=1036  
FromELF: creating hex file...
"..\..\Output\Template.axf" - 0 Error(s), 0 Warning(s).
Load "..\\..\\Output\\Template.AXF" 
Erase Done.
Programming Done.
Verify OK.
Application running ...
Build target 'Template'
compiling main.c...
linking...
Program Size: Code=17016 RO-data=22192 RW-data=116 ZI-data=1036  
FromELF: creating hex file...
"..\..\Output\Template.axf" - 0 Error(s), 0 Warning(s).
Load "..\\..\\Output\\Template.AXF" 
Load "..\\..\\Output\\Template.AXF" 
Erase Done.
Programming Done.
Verify OK.
Application running ...
Build target 'Template'
compiling main.c...
..\..\User\main.c(606): warning:  #177-D: variable "s_angle1" was declared but never referenced
..\..\User\main.c(607): warning:  #177-D: variable "s_angle2" was declared but never referenced
..\..\User\main.c(608): warning:  #177-D: variable "s_angle3" was declared but never referenced
linking...
Program Size: Code=14336 RO-data=21900 RW-data=112 ZI-data=1040  
FromELF: creating hex file...
"..\..\Output\Template.axf" - 0 Error(s), 3 Warning(s).
Load "..\\..\\Output\\Template.AXF" 
Erase Done.
Programming Done.
Verify OK.
Application running ...
Build target 'Template'
compiling main.c...
..\..\User\main.c(606): warning:  #177-D: variable "s_angle1" was declared but never referenced
..\..\User\main.c(607): warning:  #177-D: variable "s_angle2" was declared but never referenced
..\..\User\main.c(608): warning:  #177-D: variable "s_angle3" was declared but never referenced
linking...
Program Size: Code=14356 RO-data=21900 RW-data=112 ZI-data=1040  
FromELF: creating hex file...
"..\..\Output\Template.axf" - 0 Error(s), 3 Warning(s).
Load "..\\..\\Output\\Template.AXF" 
Erase Done.
Programming Done.
Verify OK.
Application running ...
Build target 'Template'
compiling main.c...
..\..\User\main.c(606): warning:  #177-D: variable "s_angle1" was declared but never referenced
..\..\User\main.c(607): warning:  #177-D: variable "s_angle2" was declared but never referenced
..\..\User\main.c(608): warning:  #177-D: variable "s_angle3" was declared but never referenced
linking...
Program Size: Code=14356 RO-data=21900 RW-data=112 ZI-data=1040  
FromELF: creating hex file...
"..\..\Output\Template.axf" - 0 Error(s), 3 Warning(s).
Load "..\\..\\Output\\Template.AXF" 
Erase Done.
Programming Done.
Verify OK.
Application running ...
Build target 'Template'
compiling main.c...
..\..\User\main.c(606): warning:  #177-D: variable "s_angle1" was declared but never referenced
..\..\User\main.c(607): warning:  #177-D: variable "s_angle2" was declared but never referenced
..\..\User\main.c(608): warning:  #177-D: variable "s_angle3" was declared but never referenced
linking...
Program Size: Code=14356 RO-data=21900 RW-data=112 ZI-data=1040  
FromELF: creating hex file...
"..\..\Output\Template.axf" - 0 Error(s), 3 Warning(s).
Load "..\\..\\Output\\Template.AXF" 
Erase Done.
Programming Done.
Verify OK.
Application running ...
Build target 'Template'
compiling main.c...
..\..\User\main.c(606): warning:  #177-D: variable "s_angle1" was declared but never referenced
..\..\User\main.c(607): warning:  #177-D: variable "s_angle2" was declared but never referenced
..\..\User\main.c(608): warning:  #177-D: variable "s_angle3" was declared but never referenced
linking...
Program Size: Code=14356 RO-data=21900 RW-data=112 ZI-data=1040  
FromELF: creating hex file...
"..\..\Output\Template.axf" - 0 Error(s), 3 Warning(s).
Load "..\\..\\Output\\Template.AXF" 
Erase Done.
Programming Done.
Verify OK.
Application running ...
Build target 'Template'
compiling main.c...
..\..\User\main.c(606): warning:  #177-D: variable "s_angle1" was declared but never referenced
..\..\User\main.c(607): warning:  #177-D: variable "s_angle2" was declared but never referenced
..\..\User\main.c(608): warning:  #177-D: variable "s_angle3" was declared but never referenced
linking...
Program Size: Code=14356 RO-data=21900 RW-data=112 ZI-data=1040  
FromELF: creating hex file...
"..\..\Output\Template.axf" - 0 Error(s), 3 Warning(s).
Load "..\\..\\Output\\Template.AXF" 
Erase Done.
Programming Done.
Verify OK.
Application running ...
Build target 'Template'
compiling main.c...
..\..\User\main.c(606): warning:  #177-D: variable "s_angle1" was declared but never referenced
..\..\User\main.c(607): warning:  #177-D: variable "s_angle2" was declared but never referenced
..\..\User\main.c(608): warning:  #177-D: variable "s_angle3" was declared but never referenced
linking...
Program Size: Code=14356 RO-data=21900 RW-data=112 ZI-data=1040  
FromELF: creating hex file...
"..\..\Output\Template.axf" - 0 Error(s), 3 Warning(s).
Load "..\\..\\Output\\Template.AXF" 
Erase Done.
Programming Done.
Verify OK.
Application running ...
Build target 'Template'
compiling main.c...
..\..\User\main.c(606): warning:  #177-D: variable "s_angle1" was declared but never referenced
..\..\User\main.c(607): warning:  #177-D: variable "s_angle2" was declared but never referenced
..\..\User\main.c(608): warning:  #177-D: variable "s_angle3" was declared but never referenced
linking...
Program Size: Code=14356 RO-data=21900 RW-data=112 ZI-data=1040  
FromELF: creating hex file...
"..\..\Output\Template.axf" - 0 Error(s), 3 Warning(s).
Load "..\\..\\Output\\Template.AXF" 
Erase Done.
Programming Done.
Verify OK.
Application running ...
Build target 'Template'
compiling main.c...
..\..\User\main.c(606): warning:  #177-D: variable "s_angle1" was declared but never referenced
..\..\User\main.c(607): warning:  #177-D: variable "s_angle2" was declared but never referenced
..\..\User\main.c(608): warning:  #177-D: variable "s_angle3" was declared but never referenced
linking...
Program Size: Code=14356 RO-data=21900 RW-data=112 ZI-data=1040  
FromELF: creating hex file...
"..\..\Output\Template.axf" - 0 Error(s), 3 Warning(s).
Load "..\\..\\Output\\Template.AXF" 
Erase Done.
Programming Done.
Verify OK.
Application running ...
Build target 'Template'
compiling main.c...
..\..\User\main.c(607): warning:  #177-D: variable "s_angle2" was declared but never referenced
..\..\User\main.c(608): warning:  #177-D: variable "s_angle3" was declared but never referenced
linking...
Program Size: Code=16748 RO-data=22188 RW-data=116 ZI-data=1036  
FromELF: creating hex file...
"..\..\Output\Template.axf" - 0 Error(s), 2 Warning(s).
Build target 'Template'
compiling main.c...
..\..\User\main.c(607): warning:  #177-D: variable "s_angle2" was declared but never referenced
..\..\User\main.c(608): warning:  #177-D: variable "s_angle3" was declared but never referenced
linking...
Program Size: Code=16748 RO-data=22188 RW-data=116 ZI-data=1036  
FromELF: creating hex file...
"..\..\Output\Template.axf" - 0 Error(s), 2 Warning(s).
Load "..\\..\\Output\\Template.AXF" 
Erase Done.
Programming Done.
Verify OK.
Application running ...
Build target 'Template'
compiling main.c...
..\..\User\main.c(607): warning:  #177-D: variable "s_angle2" was declared but never referenced
..\..\User\main.c(608): warning:  #177-D: variable "s_angle3" was declared but never referenced
linking...
Program Size: Code=16748 RO-data=22188 RW-data=116 ZI-data=1036  
FromELF: creating hex file...
"..\..\Output\Template.axf" - 0 Error(s), 2 Warning(s).
Build target 'Template'
compiling main.c...
linking...
Program Size: Code=17004 RO-data=22188 RW-data=116 ZI-data=1036  
FromELF: creating hex file...
"..\..\Output\Template.axf" - 0 Error(s), 0 Warning(s).
Load "..\\..\\Output\\Template.AXF" 
Erase Done.
Programming Done.
Verify OK.
Application running ...
Build target 'Template'
compiling main.c...
linking...
Program Size: Code=16996 RO-data=22188 RW-data=116 ZI-data=1036  
FromELF: creating hex file...
"..\..\Output\Template.axf" - 0 Error(s), 0 Warning(s).
Load "..\\..\\Output\\Template.AXF" 
Erase Done.
Programming Done.
Verify OK.
Application running ...
Build target 'Template'
compiling main.c...
linking...
Program Size: Code=16996 RO-data=22188 RW-data=116 ZI-data=1036  
FromELF: creating hex file...
"..\..\Output\Template.axf" - 0 Error(s), 0 Warning(s).
Load "..\\..\\Output\\Template.AXF" 
Erase Done.
Programming Done.
Verify OK.
Application running ...
Build target 'Template'
compiling main.c...
linking...
Program Size: Code=17000 RO-data=22192 RW-data=116 ZI-data=1036  
FromELF: creating hex file...
"..\..\Output\Template.axf" - 0 Error(s), 0 Warning(s).
Load "..\\..\\Output\\Template.AXF" 
Erase Done.
Programming Done.
Verify OK.
Application running ...
Build target 'Template'
compiling main.c...
linking...
Program Size: Code=17004 RO-data=22188 RW-data=116 ZI-data=1036  
FromELF: creating hex file...
"..\..\Output\Template.axf" - 0 Error(s), 0 Warning(s).
Load "..\\..\\Output\\Template.AXF" 
Erase Done.
Programming Done.
Verify OK.
Application running ...
Build target 'Template'
compiling main.c...
linking...
Program Size: Code=17024 RO-data=22192 RW-data=116 ZI-data=1036  
FromELF: creating hex file...
"..\..\Output\Template.axf" - 0 Error(s), 0 Warning(s).
Load "..\\..\\Output\\Template.AXF" 
Erase Done.
Programming Done.
Verify OK.
Application running ...
Build target 'Template'
compiling main.c...
linking...
Program Size: Code=17024 RO-data=22192 RW-data=116 ZI-data=1036  
FromELF: creating hex file...
"..\..\Output\Template.axf" - 0 Error(s), 0 Warning(s).
Load "..\\..\\Output\\Template.AXF" 
RDDI-DAP Error
Build target 'Template'
linking...
Program Size: Code=17024 RO-data=22192 RW-data=116 ZI-data=1036  
FromELF: creating hex file...
"..\..\Output\Template.axf" - 0 Error(s), 0 Warning(s).
Load "..\\..\\Output\\Template.AXF" 
RDDI-DAP Error
Build target 'Template'
linking...
Program Size: Code=17024 RO-data=22192 RW-data=116 ZI-data=1036  
FromELF: creating hex file...
"..\..\Output\Template.axf" - 0 Error(s), 0 Warning(s).
Load "..\\..\\Output\\Template.AXF" 
RDDI-DAP Error
Load "..\\..\\Output\\Template.AXF" 
Erase Done.
Programming Done.
Verify OK.
Application running ...
Build target 'Template'
compiling main.c...
linking...
Program Size: Code=17052 RO-data=22188 RW-data=116 ZI-data=1036  
FromELF: creating hex file...
"..\..\Output\Template.axf" - 0 Error(s), 0 Warning(s).
Load "..\\..\\Output\\Template.AXF" 
Erase Done.
Programming Done.
Verify OK.
Application running ...
Build target 'Template'
compiling main.c...
linking...
Program Size: Code=17052 RO-data=22188 RW-data=116 ZI-data=1036  
FromELF: creating hex file...
"..\..\Output\Template.axf" - 0 Error(s), 0 Warning(s).
Load "..\\..\\Output\\Template.AXF" 
Erase Done.
Programming Done.
Verify OK.
Application running ...
Build target 'Template'
compiling main.c...
linking...
Program Size: Code=17052 RO-data=22188 RW-data=116 ZI-data=1036  
FromELF: creating hex file...
"..\..\Output\Template.axf" - 0 Error(s), 0 Warning(s).
Load "..\\..\\Output\\Template.AXF" 
Erase Done.
Programming Done.
Verify OK.
Application running ...
Build target 'Template'
compiling main.c...
linking...
Program Size: Code=17052 RO-data=22188 RW-data=116 ZI-data=1036  
FromELF: creating hex file...
"..\..\Output\Template.axf" - 0 Error(s), 0 Warning(s).
Load "..\\..\\Output\\Template.AXF" 
Erase Done.
Programming Done.
Verify OK.
Application running ...
Build target 'Template'
compiling main.c...
linking...
Program Size: Code=17052 RO-data=22188 RW-data=116 ZI-data=1036  
FromELF: creating hex file...
"..\..\Output\Template.axf" - 0 Error(s), 0 Warning(s).
Load "..\\..\\Output\\Template.AXF" 
Erase Done.
Programming Done.
Verify OK.
Application running ...
Build target 'Template'
compiling main.c...
linking...
Program Size: Code=17052 RO-data=22188 RW-data=116 ZI-data=1036  
FromELF: creating hex file...
"..\..\Output\Template.axf" - 0 Error(s), 0 Warning(s).
Load "..\\..\\Output\\Template.AXF" 
Erase Done.
Programming Done.
Verify OK.
Application running ...
Build target 'Template'
compiling main.c...
linking...
Program Size: Code=17052 RO-data=22188 RW-data=116 ZI-data=1036  
FromELF: creating hex file...
"..\..\Output\Template.axf" - 0 Error(s), 0 Warning(s).
Load "..\\..\\Output\\Template.AXF" 
Erase Done.
Programming Done.
Verify OK.
Application running ...
Build target 'Template'
compiling main.c...
linking...
Program Size: Code=17072 RO-data=22192 RW-data=116 ZI-data=1036  
FromELF: creating hex file...
"..\..\Output\Template.axf" - 0 Error(s), 0 Warning(s).
Load "..\\..\\Output\\Template.AXF" 
Erase Done.
Programming Done.
Verify OK.
Application running ...
Build target 'Template'
compiling main.c...
linking...
Program Size: Code=17108 RO-data=22188 RW-data=116 ZI-data=1036  
FromELF: creating hex file...
"..\..\Output\Template.axf" - 0 Error(s), 0 Warning(s).
Build target 'Template'
compiling main.c...
linking...
Program Size: Code=17124 RO-data=22188 RW-data=116 ZI-data=1036  
FromELF: creating hex file...
"..\..\Output\Template.axf" - 0 Error(s), 0 Warning(s).
Load "..\\..\\Output\\Template.AXF" 
Erase Done.
Programming Done.
Verify OK.
Application running ...
Build target 'Template'
compiling main.c...
linking...
Program Size: Code=17172 RO-data=22188 RW-data=116 ZI-data=1036  
FromELF: creating hex file...
"..\..\Output\Template.axf" - 0 Error(s), 0 Warning(s).
